# JRE version: OpenJDK Runtime Environment Temurin-21.0.2+13 (21.0.2+13) (build 21.0.2+13-LTS)
# Java VM: OpenJDK 64-Bit Server VM Temurin-21.0.2+13 (21.0.2+13-LTS, mixed mode, tiered, compressed oops, compressed class ptrs, g1 gc, bsd-aarch64)
Heap:
 garbage-first heap   total 32768K, used 10600K [0x0000000780000000, 0x0000000800000000)
  region size 1024K, 2 young (2048K), 1 survivors (1024K)
 Metaspace       used 22846K, committed 23168K, reserved 1114112K
  class space    used 2169K, committed 2304K, reserved 1048576K
GC Heap History (20 events):
Event: 631.845 GC heap before
{Heap before GC invocations=2494 (full 0):
 garbage-first heap   total 32768K, used 27312K [0x0000000780000000, 0x0000000800000000)
  region size 1024K, 18 young (18432K), 1 survivors (1024K)
 Metaspace       used 22846K, committed 23168K, reserved 1114112K
  class space    used 2169K, committed 2304K, reserved 1048576K
}
Event: 631.846 GC heap after
{Heap after GC invocations=2495 (full 0):
 garbage-first heap   total 32768K, used 9902K [0x0000000780000000, 0x0000000800000000)
  region size 1024K, 1 young (1024K), 1 survivors (1024K)
 Metaspace       used 22846K, committed 23168K, reserved 1114112K
  class space    used 2169K, committed 2304K, reserved 1048576K
}
Event: 632.004 GC heap before
{Heap before GC invocations=2495 (full 0):
 garbage-first heap   total 32768K, used 27310K [0x0000000780000000, 0x0000000800000000)
  region size 1024K, 18 young (18432K), 1 survivors (1024K)
 Metaspace       used 22846K, committed 23168K, reserved 1114112K
  class space    used 2169K, committed 2304K, reserved 1048576K
}
Event: 632.004 GC heap after
{Heap after GC invocations=2496 (full 0):
 garbage-first heap   total 32768K, used 9896K [0x0000000780000000, 0x0000000800000000)
  region size 1024K, 1 young (1024K), 1 survivors (1024K)
 Metaspace       used 22846K, committed 23168K, reserved 1114112K
  class space    used 2169K, committed 2304K, reserved 1048576K
}
Event: 632.197 GC heap before
{Heap before GC invocations=2496 (full 0):
 garbage-first heap   total 32768K, used 27304K [0x0000000780000000, 0x0000000800000000)
  region size 1024K, 18 young (18432K), 1 survivors (1024K)
 Metaspace       used 22846K, committed 23168K, reserved 1114112K
  class space    used 2169K, committed 2304K, reserved 1048576K
}
Event: 632.198 GC heap after
{Heap after GC invocations=2497 (full 0):
 garbage-first heap   total 32768K, used 9898K [0x0000000780000000, 0x0000000800000000)
  region size 1024K, 1 young (1024K), 1 survivors (1024K)
 Metaspace       used 22846K, committed 23168K, reserved 1114112K
  class space    used 2169K, committed 2304K, reserved 1048576K
}
Event: 632.365 GC heap before
{Heap before GC invocations=2497 (full 0):
 garbage-first heap   total 32768K, used 27306K [0x0000000780000000, 0x0000000800000000)
  region size 1024K, 18 young (18432K), 1 survivors (1024K)
 Metaspace       used 22846K, committed 23168K, reserved 1114112K
  class space    used 2169K, committed 2304K, reserved 1048576K
}
Event: 632.366 GC heap after
{Heap after GC invocations=2498 (full 0):
 garbage-first heap   total 32768K, used 9904K [0x0000000780000000, 0x0000000800000000)
  region size 1024K, 1 young (1024K), 1 survivors (1024K)
 Metaspace       used 22846K, committed 23168K, reserved 1114112K
  class space    used 2169K, committed 2304K, reserved 1048576K
}
Event: 632.529 GC heap before
{Heap before GC invocations=2498 (full 0):
 garbage-first heap   total 32768K, used 27312K [0x0000000780000000, 0x0000000800000000)
  region size 1024K, 18 young (18432K), 1 survivors (1024K)
 Metaspace       used 22846K, committed 23168K, reserved 1114112K
  class space    used 2169K, committed 2304K, reserved 1048576K
}
Event: 632.530 GC heap after
{Heap after GC invocations=2499 (full 0):
 garbage-first heap   total 32768K, used 9900K [0x0000000780000000, 0x0000000800000000)
  region size 1024K, 1 young (1024K), 1 survivors (1024K)
 Metaspace       used 22846K, committed 23168K, reserved 1114112K
  class space    used 2169K, committed 2304K, reserved 1048576K
}
Event: 632.707 GC heap before
{Heap before GC invocations=2499 (full 0):
 garbage-first heap   total 32768K, used 27308K [0x0000000780000000, 0x0000000800000000)
  region size 1024K, 18 young (18432K), 1 survivors (1024K)
 Metaspace       used 22846K, committed 23168K, reserved 1114112K
  class space    used 2169K, committed 2304K, reserved 1048576K
}
Event: 632.708 GC heap after
{Heap after GC invocations=2500 (full 0):
 garbage-first heap   total 32768K, used 9902K [0x0000000780000000, 0x0000000800000000)
  region size 1024K, 1 young (1024K), 1 survivors (1024K)
 Metaspace       used 22846K, committed 23168K, reserved 1114112K
  class space    used 2169K, committed 2304K, reserved 1048576K
}
Event: 632.862 GC heap before
{Heap before GC invocations=2500 (full 0):
 garbage-first heap   total 32768K, used 27310K [0x0000000780000000, 0x0000000800000000)
  region size 1024K, 18 young (18432K), 1 survivors (1024K)
 Metaspace       used 22846K, committed 23168K, reserved 1114112K
  class space    used 2169K, committed 2304K, reserved 1048576K
}
Event: 632.863 GC heap after
{Heap after GC invocations=2501 (full 0):
 garbage-first heap   total 32768K, used 9902K [0x0000000780000000, 0x0000000800000000)
  region size 1024K, 1 young (1024K), 1 survivors (1024K)
 Metaspace       used 22846K, committed 23168K, reserved 1114112K
  class space    used 2169K, committed 2304K, reserved 1048576K
}
Event: 633.033 GC heap before
{Heap before GC invocations=2501 (full 0):
 garbage-first heap   total 32768K, used 27310K [0x0000000780000000, 0x0000000800000000)
  region size 1024K, 18 young (18432K), 1 survivors (1024K)
 Metaspace       used 22846K, committed 23168K, reserved 1114112K
  class space    used 2169K, committed 2304K, reserved 1048576K
}
Event: 633.034 GC heap after
{Heap after GC invocations=2502 (full 0):
 garbage-first heap   total 32768K, used 9904K [0x0000000780000000, 0x0000000800000000)
  region size 1024K, 1 young (1024K), 1 survivors (1024K)
 Metaspace       used 22846K, committed 23168K, reserved 1114112K
  class space    used 2169K, committed 2304K, reserved 1048576K
}
Event: 651.778 GC heap before
{Heap before GC invocations=2502 (full 0):
 garbage-first heap   total 32768K, used 27312K [0x0000000780000000, 0x0000000800000000)
  region size 1024K, 18 young (18432K), 1 survivors (1024K)
 Metaspace       used 22846K, committed 23168K, reserved 1114112K
  class space    used 2169K, committed 2304K, reserved 1048576K
}
Event: 651.784 GC heap after
{Heap after GC invocations=2503 (full 0):
 garbage-first heap   total 32768K, used 9900K [0x0000000780000000, 0x0000000800000000)
  region size 1024K, 1 young (1024K), 1 survivors (1024K)
 Metaspace       used 22846K, committed 23168K, reserved 1114112K
  class space    used 2169K, committed 2304K, reserved 1048576K
}
Event: 652.020 GC heap before
{Heap before GC invocations=2503 (full 0):
 garbage-first heap   total 32768K, used 27308K [0x0000000780000000, 0x0000000800000000)
  region size 1024K, 18 young (18432K), 1 survivors (1024K)
 Metaspace       used 22846K, committed 23168K, reserved 1114112K
  class space    used 2169K, committed 2304K, reserved 1048576K
}
Event: 652.021 GC heap after
{Heap after GC invocations=2504 (full 0):
 garbage-first heap   total 32768K, used 9900K [0x0000000780000000, 0x0000000800000000)
  region size 1024K, 1 young (1024K), 1 survivors (1024K)
 Metaspace       used 22846K, committed 23168K, reserved 1114112K
  class space    used 2169K, committed 2304K, reserved 1048576K
}

